<?xml version="1.0" encoding="UTF-8"?>
<!-- Generated by org.testng.reporters.JUnitXMLReporter -->
<testsuite hostname="HDU82504" name="Chrome 70 - Windows" tests="7" failures="6" timestamp="28 Jan 2022 18:57:48 GMT" time="1040.784" errors="0">
  <testcase name="LoginOrgAvisoLeituraWEB" time="142.186" classname="cenarios._001LoginOrgAvisoLeituraWEB">
    <failure type="java.lang.Exception">
      <![CDATA[java.lang.Exception
	at ftor_testng.ConfigureExecution.configurarExecucaoCasosTeste(ConfigureExecution.java:68)
	at cenarios._001LoginOrgAvisoLeituraWEB.LoginOrgAvisoLeituraWEB(_001LoginOrgAvisoLeituraWEB.java:13)
... Removed 24 stack frames]]>
    </failure>
  </testcase> <!-- LoginOrgAvisoLeituraWEB -->
  <testcase name="LoginOrganicoTopoHomeWEB" time="117.559" classname="cenarios._002LoginOrganicoTopoHomeWEB">
    <failure type="java.lang.Exception">
      <![CDATA[java.lang.Exception
	at ftor_testng.ConfigureExecution.configurarExecucaoCasosTeste(ConfigureExecution.java:85)
	at cenarios._002LoginOrganicoTopoHomeWEB.LoginOrganicoTopoHomeWEB(_002LoginOrganicoTopoHomeWEB.java:25)
... Removed 24 stack frames]]>
    </failure>
  </testcase> <!-- LoginOrganicoTopoHomeWEB -->
  <testcase name="CompraDebitoAutomaticoVeja" time="150.281" classname="cenarios._003CompraDebitoAutomaticoVeja">
    <failure type="java.lang.Exception">
      <![CDATA[java.lang.Exception
	at ftor_testng.ConfigureExecution.configurarExecucaoCasosTeste(ConfigureExecution.java:102)
	at cenarios._003CompraDebitoAutomaticoVeja.CompraDebitoAutomaticoVeja(_003CompraDebitoAutomaticoVeja.java:42)
... Removed 24 stack frames]]>
    </failure>
  </testcase> <!-- CompraDebitoAutomaticoVeja -->
  <testcase name="CompraBoletoBancarioVeja" time="163.548" classname="cenarios._004CompraBoletoBancarioVeja">
    <failure type="java.lang.Exception">
      <![CDATA[java.lang.Exception
	at ftor_testng.ConfigureExecution.configurarExecucaoCasosTeste(ConfigureExecution.java:118)
	at cenarios._004CompraBoletoBancarioVeja.CompraBoletoBancarioVeja(_004CompraBoletoBancarioVeja.java:43)
... Removed 24 stack frames]]>
    </failure>
  </testcase> <!-- CompraBoletoBancarioVeja -->
  <testcase name="LoginOrgBlockFechadoWEB" time="189.41" classname="cenarios._005LoginOrgBlockFechadoWEB">
    <failure type="java.lang.Exception">
      <![CDATA[java.lang.Exception
	at ftor_testng.ConfigureExecution.configurarExecucaoCasosTeste(ConfigureExecution.java:134)
	at cenarios._005LoginOrgBlockFechadoWEB.LoginOrgBlockFechadoWEB(_005LoginOrgBlockFechadoWEB.java:25)
... Removed 24 stack frames]]>
    </failure>
  </testcase> <!-- LoginOrgBlockFechadoWEB -->
  <testcase name="TesteSaudeDigitalChekout2" time="41.144" classname="cenarios._013TesteSaudeDigitalChekout2"/>
  <testcase name="ValidaCpfInvalido" time="159.467" classname="cenarios._014ValidaCpfInvalido">
    <failure type="java.lang.Exception">
      <![CDATA[java.lang.Exception
	at ftor_testng.ConfigureExecution.configurarExecucaoCasosTeste(ConfigureExecution.java:278)
	at cenarios._014ValidaCpfInvalido.ValidaCpfInvalido(_014ValidaCpfInvalido.java:42)
... Removed 24 stack frames]]>
    </failure>
  </testcase> <!-- ValidaCpfInvalido -->
</testsuite> <!-- Chrome 70 - Windows -->
