<?xml version="1.0" encoding="UTF-8"?>
<!-- Generated by org.testng.reporters.JUnitXMLReporter -->
<testsuite hostname="HDU82504" name="cenarios._003CompraDebitoAutomaticoVeja" tests="1" failures="0" timestamp="10 Jan 2022 13:04:15 GMT" time="2.599" errors="0">
  <testcase name="@BeforeMethod defineBrowser" time="0.0" classname="cenarios._003CompraDebitoAutomaticoVeja">
    <failure type="org.testng.TestNGException" message="
Parameter &amp;apos;platform&amp;apos; is required by @Configuration on method defineBrowser but has not been marked @Optional or defined
in C:\Desenv\automated-tests\ProjetoAbril\src\grid_paralelo\testng_paralelo.xml">
      <![CDATA[org.testng.TestNGException: 
Parameter 'platform' is required by @Configuration on method defineBrowser but has not been marked @Optional or defined
in C:\Desenv\automated-tests\ProjetoAbril\src\grid_paralelo\testng_paralelo.xml
	at java.util.concurrent.ThreadPoolExecutor.runWorker(Unknown Source)
	at java.util.concurrent.ThreadPoolExecutor$Worker.run(Unknown Source)
	at java.lang.Thread.run(Unknown Source)
... Removed 9 stack frames]]>
    </failure>
  </testcase> <!-- @BeforeMethod defineBrowser -->
  <testcase name="@AfterMethod tearDown" time="0.0" classname="cenarios._003CompraDebitoAutomaticoVeja">
    <skipped/>
  </testcase> <!-- @AfterMethod tearDown -->
  <testcase name="CompraDebitoAutomaticoVeja" time="1.673" classname="cenarios._003CompraDebitoAutomaticoVeja">
    <skipped/>
  </testcase> <!-- CompraDebitoAutomaticoVeja -->
</testsuite> <!-- cenarios._003CompraDebitoAutomaticoVeja -->
